{"level":"info","message":" --Kullanıcı tarafından Google Play linki girildi.-- ","timestamp":"2023-11-20T20:35:27.249Z"}
{"level":"info","message":" --Kullanıcı tarafından Google Play linki girildi.-- ","timestamp":"2023-11-20T20:36:13.331Z"}
{"level":"info","message":" --Kullanıcı tarafından Google Play linki girildi.-- ","timestamp":"2023-11-20T20:36:57.245Z"}
{"level":"info","message":" --Kullanıcı tarafından Google Play linki girildi.-- ","timestamp":"2023-11-20T20:39:03.663Z"}
{"level":"info","message":" --Kullanıcı tarafından Google Play linki girildi.-- ","timestamp":"2023-11-20T20:41:31.067Z"}
{"level":"info","message":" --Kullanıcı tarafından Google Play linki girildi.-- ","timestamp":"2023-11-21T06:11:44.679Z"}
{"level":"info","message":" --WePlay - Oyun & Sohbet uygulamasının bilgileri alındı ve sayfaya yönlendirildi!-- ","timestamp":"2023-11-21T06:11:49.481Z"}
{"level":"info","message":" --Kullanıcı tarafından Google Play linki girildi.-- ","timestamp":"2023-11-21T06:28:19.902Z"}
{"level":"info","message":" --WePlay - Oyun & Sohbet uygulamasının bilgileri alındı ve sayfaya yönlendirildi!-- ","timestamp":"2023-11-21T06:28:25.307Z"}
{"level":"info","message":" --Kullanıcı tarafından Google Play linki girildi.-- ","timestamp":"2023-11-21T06:28:56.798Z"}
{"level":"info","message":" --WePlay - Oyun & Sohbet uygulamasının bilgileri alındı ve sayfaya yönlendirildi!-- ","timestamp":"2023-11-21T06:29:03.147Z"}
{"level":"info","message":" --Kullanıcı tarafından Google Play linki girildi.-- ","timestamp":"2023-11-21T06:29:31.073Z"}
{"level":"info","message":" --WePlay - Oyun & Sohbet uygulamasının bilgileri alındı ve sayfaya yönlendirildi!-- ","timestamp":"2023-11-21T06:29:36.571Z"}
{"level":"info","message":" --Kullanıcı tarafından Google Play linki girildi.-- ","timestamp":"2023-11-21T06:45:32.166Z"}
{"level":"info","message":" --WePlay - Oyun & Sohbet uygulamasının bilgileri alındı ve sayfaya yönlendirildi!-- ","timestamp":"2023-11-21T06:45:40.782Z"}
{"level":"info","message":" --Kullanıcı tarafından Google Play linki girildi.-- ","timestamp":"2023-11-21T06:59:52.465Z"}
{"level":"info","message":" --Trendyol Go uygulamasının bilgileri alındı ve sayfaya yönlendirildi!-- ","timestamp":"2023-11-21T06:59:57.873Z"}{"level":"error","message":" --Kullanıcı tarafından yanlış link girildi!-- ","timestamp":"2023-12-18T13:14:52.393Z"}
{"level":"error","message":" --Kullanıcı tarafından yanlış link girildi!-- ","timestamp":"2023-12-18T13:16:53.722Z"}
{"level":"error","message":" --Kullanıcı tarafından yanlış link girildi!-- ","timestamp":"2023-12-18T13:17:30.019Z"}
{"level":"error","message":" --Kullanıcı tarafından yanlış link girildi!-- ","timestamp":"2024-01-02T07:33:40.153Z"}
{"level":"error","message":" --Uygulama bilinmeyen bir hata ile karşılaştı-- ","timestamp":"2024-01-02T08:37:00.317Z"}
