{"level":"info","message":" --Kullanıcı tarafından Google Play linki girildi.-- ","timestamp":"2023-11-15T06:57:08.573Z"}
{"level":"info","message":" --DWG FastView-CAD Viewer&Editor uygulamasının bilgileri alındı ve sayfaya yönlendirildi!-- ","timestamp":"2023-11-15T06:57:16.241Z"}
{"level":"info","message":" --Kullanıcı tarafından Google Play linki girildi.-- ","timestamp":"2023-11-15T08:40:25.215Z"}
{"level":"info","message":" --DWG FastView-CAD Viewer&Editor uygulamasının bilgileri alındı ve sayfaya yönlendirildi!-- ","timestamp":"2023-11-15T08:40:30.707Z"}
{"level":"info","message":" --Kullanıcı tarafından Google Play linki girildi.-- ","timestamp":"2023-11-20T06:46:27.437Z"}
{"level":"info","message":" --WhatsApp Messenger uygulamasının bilgileri alındı ve sayfaya yönlendirildi!-- ","timestamp":"2023-11-20T06:46:31.767Z"}
{"level":"info","message":" --Kullanıcı tarafından Google Play linki girildi.-- ","timestamp":"2023-11-20T06:53:19.742Z"}
{"level":"info","message":" --WhatsApp Messenger uygulamasının bilgileri alındı ve sayfaya yönlendirildi!-- ","timestamp":"2023-11-20T06:53:22.795Z"}
{"level":"info","message":" --Kullanıcı tarafından Google Play linki girildi.-- ","timestamp":"2023-11-20T06:56:17.524Z"}
{"level":"info","message":" --Snapchat uygulamasının bilgileri alındı ve sayfaya yönlendirildi!-- ","timestamp":"2023-11-20T06:56:20.507Z"}
{"level":"info","message":" --Kullanıcı tarafından Google Play linki girildi.-- ","timestamp":"2023-11-20T06:59:20.028Z"}
{"level":"info","message":" --Snapchat uygulamasının bilgileri alındı ve sayfaya yönlendirildi!-- ","timestamp":"2023-11-20T06:59:22.834Z"}
{"level":"info","message":" --Kullanıcı tarafından Google Play linki girildi.-- ","timestamp":"2023-11-20T07:00:15.428Z"}
{"level":"info","message":" --Snapchat uygulamasının bilgileri alındı ve sayfaya yönlendirildi!-- ","timestamp":"2023-11-20T07:00:18.326Z"}
{"level":"info","message":" --Kullanıcı tarafından Google Play linki girildi.-- ","timestamp":"2023-11-20T07:05:30.467Z"}
{"level":"info","message":" --Snapchat uygulamasının bilgileri alındı ve sayfaya yönlendirildi!-- ","timestamp":"2023-11-20T07:05:33.708Z"}
{"level":"info","message":" --Kullanıcı tarafından Google Play linki girildi.-- ","timestamp":"2023-11-20T07:13:08.354Z"}
{"level":"info","message":" --Snapchat uygulamasının bilgileri alındı ve sayfaya yönlendirildi!-- ","timestamp":"2023-11-20T07:13:11.454Z"}
{"level":"info","message":" --Kullanıcı tarafından Google Play linki girildi.-- ","timestamp":"2023-11-20T07:14:09.851Z"}
{"level":"info","message":" --Snapchat uygulamasının bilgileri alındı ve sayfaya yönlendirildi!-- ","timestamp":"2023-11-20T07:14:13.483Z"}
{"level":"info","message":" --Kullanıcı tarafından Google Play linki girildi.-- ","timestamp":"2023-11-20T07:18:10.330Z"}
{"level":"info","message":" --Snapchat uygulamasının bilgileri alındı ve sayfaya yönlendirildi!-- ","timestamp":"2023-11-20T07:18:13.201Z"}
{"level":"info","message":" --Kullanıcı tarafından Google Play linki girildi.-- ","timestamp":"2023-11-20T07:19:28.808Z"}
{"level":"info","message":" --Snapchat uygulamasının bilgileri alındı ve sayfaya yönlendirildi!-- ","timestamp":"2023-11-20T07:19:31.787Z"}
{"level":"info","message":" --Kullanıcı tarafından Google Play linki girildi.-- ","timestamp":"2023-11-20T07:32:26.510Z"}
{"level":"info","message":" --Snapchat uygulamasının bilgileri alındı ve sayfaya yönlendirildi!-- ","timestamp":"2023-11-20T07:32:30.502Z"}
{"level":"info","message":" --Kullanıcı tarafından Google Play linki girildi.-- ","timestamp":"2023-11-20T07:35:09.648Z"}
{"level":"info","message":" --Snapchat uygulamasının bilgileri alındı ve sayfaya yönlendirildi!-- ","timestamp":"2023-11-20T07:35:12.715Z"}
{"level":"info","message":" --Kullanıcı tarafından Google Play linki girildi.-- ","timestamp":"2023-11-20T08:04:54.595Z"}
{"level":"info","message":" --Snapchat uygulamasının bilgileri alındı ve sayfaya yönlendirildi!-- ","timestamp":"2023-11-20T08:04:57.720Z"}
{"level":"info","message":" --Kullanıcı tarafından Google Play linki girildi.-- ","timestamp":"2023-11-20T08:06:37.787Z"}
{"level":"info","message":" --Snapchat uygulamasının bilgileri alındı ve sayfaya yönlendirildi!-- ","timestamp":"2023-11-20T08:06:40.870Z"}
{"level":"info","message":" --Kullanıcı tarafından Google Play linki girildi.-- ","timestamp":"2023-11-20T08:08:43.850Z"}
{"level":"info","message":" --Snapchat uygulamasının bilgileri alındı ve sayfaya yönlendirildi!-- ","timestamp":"2023-11-20T08:08:46.747Z"}
{"level":"info","message":" --Kullanıcı tarafından Google Play linki girildi.-- ","timestamp":"2023-11-20T08:14:26.157Z"}
{"level":"info","message":" --Snapchat uygulamasının bilgileri alındı ve sayfaya yönlendirildi!-- ","timestamp":"2023-11-20T08:14:29.138Z"}
{"level":"info","message":" --Kullanıcı tarafından Google Play linki girildi.-- ","timestamp":"2023-11-20T08:15:56.808Z"}
{"level":"info","message":" --Snapchat uygulamasının bilgileri alındı ve sayfaya yönlendirildi!-- ","timestamp":"2023-11-20T08:15:59.795Z"}
{"level":"info","message":" --Kullanıcı tarafından Google Play linki girildi.-- ","timestamp":"2023-11-20T08:19:10.328Z"}
{"level":"info","message":" --Snapchat uygulamasının bilgileri alındı ve sayfaya yönlendirildi!-- ","timestamp":"2023-11-20T08:19:13.319Z"}
{"level":"info","message":" --Kullanıcı tarafından Google Play linki girildi.-- ","timestamp":"2023-11-20T08:47:19.555Z"}
{"level":"info","message":" --Snapchat uygulamasının bilgileri alındı ve sayfaya yönlendirildi!-- ","timestamp":"2023-11-20T08:47:22.997Z"}
{"level":"info","message":" --Kullanıcı tarafından Google Play linki girildi.-- ","timestamp":"2023-11-20T08:51:29.164Z"}
{"level":"info","message":" --Snapchat uygulamasının bilgileri alındı ve sayfaya yönlendirildi!-- ","timestamp":"2023-11-20T08:51:32.811Z"}
{"level":"info","message":" --Kullanıcı tarafından Google Play linki girildi.-- ","timestamp":"2023-11-20T08:59:47.595Z"}
{"level":"info","message":" --Snapchat uygulamasının bilgileri alındı ve sayfaya yönlendirildi!-- ","timestamp":"2023-11-20T08:59:51.038Z"}
{"level":"info","message":" --Kullanıcı tarafından Google Play linki girildi.-- ","timestamp":"2023-11-20T09:18:55.559Z"}
{"level":"info","message":" --Snapchat uygulamasının bilgileri alındı ve sayfaya yönlendirildi!-- ","timestamp":"2023-11-20T09:18:58.667Z"}
{"level":"info","message":" --Kullanıcı tarafından Google Play linki girildi.-- ","timestamp":"2023-11-20T09:20:23.358Z"}
{"level":"info","message":" --Snapchat uygulamasının bilgileri alındı ve sayfaya yönlendirildi!-- ","timestamp":"2023-11-20T09:20:26.432Z"}
{"level":"info","message":" --Kullanıcı tarafından Google Play linki girildi.-- ","timestamp":"2023-11-20T09:25:55.535Z"}
{"level":"info","message":" --Snapchat uygulamasının bilgileri alındı ve sayfaya yönlendirildi!-- ","timestamp":"2023-11-20T09:25:58.737Z"}
{"level":"info","message":" --Kullanıcı tarafından Google Play linki girildi.-- ","timestamp":"2023-11-20T09:30:27.221Z"}
{"level":"info","message":" --Snapchat uygulamasının bilgileri alındı ve sayfaya yönlendirildi!-- ","timestamp":"2023-11-20T09:30:30.120Z"}
{"level":"info","message":" --Kullanıcı tarafından Google Play linki girildi.-- ","timestamp":"2023-11-20T09:31:37.332Z"}
{"level":"info","message":" --Snapchat uygulamasının bilgileri alındı ve sayfaya yönlendirildi!-- ","timestamp":"2023-11-20T09:31:40.522Z"}
{"level":"info","message":" --Kullanıcı tarafından Google Play linki girildi.-- ","timestamp":"2023-11-20T09:45:56.334Z"}
{"level":"info","message":" --Snapchat uygulamasının bilgileri alındı ve sayfaya yönlendirildi!-- ","timestamp":"2023-11-20T09:45:59.706Z"}
{"level":"info","message":" --Kullanıcı tarafından Google Play linki girildi.-- ","timestamp":"2023-11-20T09:47:54.557Z"}
{"level":"info","message":" --Snapchat uygulamasının bilgileri alındı ve sayfaya yönlendirildi!-- ","timestamp":"2023-11-20T09:47:57.767Z"}
{"level":"info","message":" --Kullanıcı tarafından Google Play linki girildi.-- ","timestamp":"2023-11-20T09:51:30.019Z"}
{"level":"info","message":" --Snapchat uygulamasının bilgileri alındı ve sayfaya yönlendirildi!-- ","timestamp":"2023-11-20T09:51:33.035Z"}
{"level":"info","message":" --Kullanıcı tarafından Google Play linki girildi.-- ","timestamp":"2023-11-20T09:55:38.692Z"}
{"level":"info","message":" --Snapchat uygulamasının bilgileri alındı ve sayfaya yönlendirildi!-- ","timestamp":"2023-11-20T09:55:41.774Z"}
{"level":"info","message":" --Kullanıcı tarafından Google Play linki girildi.-- ","timestamp":"2023-11-20T09:56:43.939Z"}
{"level":"info","message":" --Snapchat uygulamasının bilgileri alındı ve sayfaya yönlendirildi!-- ","timestamp":"2023-11-20T09:56:47.569Z"}
{"level":"info","message":" --Kullanıcı tarafından Google Play linki girildi.-- ","timestamp":"2023-11-20T11:27:39.861Z"}
{"level":"info","message":" --Snapchat uygulamasının bilgileri alındı ve sayfaya yönlendirildi!-- ","timestamp":"2023-11-20T11:27:43.314Z"}
{"level":"info","message":" --Kullanıcı tarafından Google Play linki girildi.-- ","timestamp":"2023-11-20T11:28:34.549Z"}
{"level":"info","message":" --Snapchat uygulamasının bilgileri alındı ve sayfaya yönlendirildi!-- ","timestamp":"2023-11-20T11:28:37.371Z"}
{"level":"info","message":" --Kullanıcı tarafından Google Play linki girildi.-- ","timestamp":"2023-11-20T11:46:06.536Z"}
{"level":"info","message":" --Snapchat uygulamasının bilgileri alındı ve sayfaya yönlendirildi!-- ","timestamp":"2023-11-20T11:46:09.703Z"}
{"level":"info","message":" --Kullanıcı tarafından Google Play linki girildi.-- ","timestamp":"2023-11-20T11:50:44.051Z"}
{"level":"info","message":" --Snapchat uygulamasının bilgileri alındı ve sayfaya yönlendirildi!-- ","timestamp":"2023-11-20T11:50:47.200Z"}
{"level":"info","message":" --Kullanıcı tarafından Google Play linki girildi.-- ","timestamp":"2023-11-20T12:10:31.079Z"}
{"level":"info","message":" --TikTok uygulamasının bilgileri alındı ve sayfaya yönlendirildi!-- ","timestamp":"2023-11-20T12:10:34.394Z"}
{"level":"info","message":" --Kullanıcı tarafından Google Play linki girildi.-- ","timestamp":"2023-11-20T12:24:00.886Z"}
{"level":"info","message":" --TikTok uygulamasının bilgileri alındı ve sayfaya yönlendirildi!-- ","timestamp":"2023-11-20T12:24:04.186Z"}
{"level":"info","message":" --Kullanıcı tarafından Google Play linki girildi.-- ","timestamp":"2023-11-20T12:26:30.086Z"}
{"level":"info","message":" --TikTok uygulamasının bilgileri alındı ve sayfaya yönlendirildi!-- ","timestamp":"2023-11-20T12:26:33.635Z"}
{"level":"info","message":" --Kullanıcı tarafından Google Play linki girildi.-- ","timestamp":"2023-11-20T12:37:07.925Z"}
{"level":"info","message":" --TikTok uygulamasının bilgileri alındı ve sayfaya yönlendirildi!-- ","timestamp":"2023-11-20T12:37:10.996Z"}
{"level":"info","message":" --Kullanıcı tarafından Google Play linki girildi.-- ","timestamp":"2023-11-20T12:38:27.717Z"}
{"level":"info","message":" --TikTok uygulamasının bilgileri alındı ve sayfaya yönlendirildi!-- ","timestamp":"2023-11-20T12:38:31.199Z"}
{"level":"info","message":" --Kullanıcı tarafından Google Play linki girildi.-- ","timestamp":"2023-11-20T12:41:07.627Z"}
{"level":"info","message":" --TikTok uygulamasının bilgileri alındı ve sayfaya yönlendirildi!-- ","timestamp":"2023-11-20T12:41:10.959Z"}
{"level":"info","message":" --Kullanıcı tarafından Google Play linki girildi.-- ","timestamp":"2023-11-20T12:44:20.830Z"}
{"level":"info","message":" --TikTok uygulamasının bilgileri alındı ve sayfaya yönlendirildi!-- ","timestamp":"2023-11-20T12:44:24.195Z"}
{"level":"info","message":" --Kullanıcı tarafından Google Play linki girildi.-- ","timestamp":"2023-11-20T12:46:54.947Z"}
{"level":"info","message":" --TikTok uygulamasının bilgileri alındı ve sayfaya yönlendirildi!-- ","timestamp":"2023-11-20T12:46:58.131Z"}
{"level":"info","message":" --Kullanıcı tarafından Google Play linki girildi.-- ","timestamp":"2023-11-20T12:48:08.400Z"}
{"level":"info","message":" --TikTok uygulamasının bilgileri alındı ve sayfaya yönlendirildi!-- ","timestamp":"2023-11-20T12:48:11.273Z"}
{"level":"info","message":" --Kullanıcı tarafından Google Play linki girildi.-- ","timestamp":"2023-11-20T12:49:25.619Z"}
{"level":"info","message":" --TikTok uygulamasının bilgileri alındı ve sayfaya yönlendirildi!-- ","timestamp":"2023-11-20T12:49:28.613Z"}
{"level":"info","message":" --Kullanıcı tarafından Google Play linki girildi.-- ","timestamp":"2023-11-20T12:50:24.921Z"}
{"level":"info","message":" --TikTok uygulamasının bilgileri alındı ve sayfaya yönlendirildi!-- ","timestamp":"2023-11-20T12:50:27.875Z"}
{"level":"info","message":" --Kullanıcı tarafından Google Play linki girildi.-- ","timestamp":"2023-11-20T12:51:07.658Z"}
{"level":"info","message":" --TikTok uygulamasının bilgileri alındı ve sayfaya yönlendirildi!-- ","timestamp":"2023-11-20T12:51:11.702Z"}
{"level":"info","message":" --Kullanıcı tarafından Google Play linki girildi.-- ","timestamp":"2023-11-20T12:52:56.592Z"}
{"level":"info","message":" --TikTok uygulamasının bilgileri alındı ve sayfaya yönlendirildi!-- ","timestamp":"2023-11-20T12:53:00.190Z"}
{"level":"info","message":" --Kullanıcı tarafından Google Play linki girildi.-- ","timestamp":"2023-11-20T12:59:19.440Z"}
{"level":"info","message":" --TikTok uygulamasının bilgileri alındı ve sayfaya yönlendirildi!-- ","timestamp":"2023-11-20T12:59:23.323Z"}
{"level":"info","message":" --Kullanıcı tarafından Google Play linki girildi.-- ","timestamp":"2023-11-20T13:00:21.687Z"}
{"level":"info","message":" --TikTok uygulamasının bilgileri alındı ve sayfaya yönlendirildi!-- ","timestamp":"2023-11-20T13:00:26.388Z"}
{"level":"info","message":" --Kullanıcı tarafından Google Play linki girildi.-- ","timestamp":"2023-11-20T13:01:13.072Z"}
{"level":"info","message":" --TikTok uygulamasının bilgileri alındı ve sayfaya yönlendirildi!-- ","timestamp":"2023-11-20T13:01:16.403Z"}
{"level":"info","message":" --Kullanıcı tarafından Google Play linki girildi.-- ","timestamp":"2023-11-20T13:02:31.623Z"}
{"level":"info","message":" --TikTok uygulamasının bilgileri alındı ve sayfaya yönlendirildi!-- ","timestamp":"2023-11-20T13:02:35.079Z"}
{"level":"info","message":" --Kullanıcı tarafından Google Play linki girildi.-- ","timestamp":"2023-11-20T13:04:52.628Z"}
{"level":"info","message":" --TikTok uygulamasının bilgileri alındı ve sayfaya yönlendirildi!-- ","timestamp":"2023-11-20T13:04:55.423Z"}
{"level":"info","message":" --Kullanıcı tarafından Google Play linki girildi.-- ","timestamp":"2023-11-20T13:08:12.654Z"}
{"level":"info","message":" --TikTok uygulamasının bilgileri alındı ve sayfaya yönlendirildi!-- ","timestamp":"2023-11-20T13:08:15.832Z"}
{"level":"info","message":" --Kullanıcı tarafından Google Play linki girildi.-- ","timestamp":"2023-11-20T13:10:09.454Z"}
{"level":"info","message":" --TikTok uygulamasının bilgileri alındı ve sayfaya yönlendirildi!-- ","timestamp":"2023-11-20T13:10:12.422Z"}
{"level":"info","message":" --Kullanıcı tarafından Google Play linki girildi.-- ","timestamp":"2023-11-20T13:12:30.085Z"}
{"level":"info","message":" --Netflix uygulamasının bilgileri alındı ve sayfaya yönlendirildi!-- ","timestamp":"2023-11-20T13:12:33.371Z"}
{"level":"info","message":" --Kullanıcı tarafından Google Play linki girildi.-- ","timestamp":"2023-11-20T13:12:59.970Z"}
{"level":"info","message":" --Tubi TV - TV ve Film uygulamasının bilgileri alındı ve sayfaya yönlendirildi!-- ","timestamp":"2023-11-20T13:13:03.054Z"}
{"level":"info","message":" --Kullanıcı tarafından Google Play linki girildi.-- ","timestamp":"2023-11-20T13:28:51.035Z"}
{"level":"info","message":" --Tubi TV - TV ve Film uygulamasının bilgileri alındı ve sayfaya yönlendirildi!-- ","timestamp":"2023-11-20T13:28:55.243Z"}
{"level":"info","message":" --Kullanıcı tarafından Google Play linki girildi.-- ","timestamp":"2023-11-20T13:29:41.715Z"}
{"level":"info","message":" --Tubi TV - TV ve Film uygulamasının bilgileri alındı ve sayfaya yönlendirildi!-- ","timestamp":"2023-11-20T13:29:45.534Z"}
{"level":"info","message":" --Kullanıcı tarafından Google Play linki girildi.-- ","timestamp":"2023-11-20T13:35:59.674Z"}
{"level":"info","message":" --Tubi TV - TV ve Film uygulamasının bilgileri alındı ve sayfaya yönlendirildi!-- ","timestamp":"2023-11-20T13:36:02.678Z"}
{"level":"info","message":" --Kullanıcı tarafından Google Play linki girildi.-- ","timestamp":"2023-11-20T13:41:05.424Z"}
{"level":"info","message":" --Tubi TV - TV ve Film uygulamasının bilgileri alındı ve sayfaya yönlendirildi!-- ","timestamp":"2023-11-20T13:41:08.300Z"}
{"level":"info","message":" --Kullanıcı tarafından Google Play linki girildi.-- ","timestamp":"2023-11-20T13:41:31.695Z"}
{"level":"info","message":" --SHOWTIME uygulamasının bilgileri alındı ve sayfaya yönlendirildi!-- ","timestamp":"2023-11-20T13:41:34.951Z"}
{"level":"info","message":" --Kullanıcı tarafından Google Play linki girildi.-- ","timestamp":"2023-11-20T13:42:39.657Z"}
{"level":"info","message":" --Steam uygulamasının bilgileri alındı ve sayfaya yönlendirildi!-- ","timestamp":"2023-11-20T13:42:42.998Z"}
